<?xml version="1.0" encoding="UTF-8"?>
<testng-results skipped="0" failed="0" ignored="0" total="4" passed="4">
  <reporter-output>
  </reporter-output>
  <suite name="Default suite" duration-ms="27725" started-at="2018-01-01T09:43:50Z" finished-at="2018-01-01T09:44:18Z">
    <groups>
    </groups>
    <test name="Default test" duration-ms="27725" started-at="2018-01-01T09:43:50Z" finished-at="2018-01-01T09:44:18Z">
      <class name="com.walmart.test.SigninPageTest">
        <test-method status="PASS" signature="beforeSuite()[pri:0, instance:com.walmart.test.SigninPageTest@1753acfe]" name="beforeSuite" is-config="true" duration-ms="8416" started-at="2018-01-01T01:43:42Z" finished-at="2018-01-01T01:43:50Z">
          <reporter-output>
          </reporter-output>
        </test-method> <!-- beforeSuite -->
        <test-method status="PASS" signature="loadSigninPage()[pri:0, instance:com.walmart.test.SigninPageTest@1753acfe]" name="loadSigninPage" is-config="true" duration-ms="3093" started-at="2018-01-01T01:43:50Z" finished-at="2018-01-01T01:43:54Z">
          <reporter-output>
          </reporter-output>
        </test-method> <!-- loadSigninPage -->
        <test-method status="PASS" signature="signInTest(java.lang.String, java.lang.String, java.lang.String)[pri:0, instance:com.walmart.test.SigninPageTest@1753acfe]" name="signInTest" duration-ms="5892" started-at="2018-01-01T01:43:54Z" data-provider="signIn-data" finished-at="2018-01-01T01:44:00Z">
          <params>
            <param index="0">
              <value>
                <![CDATA[pratsekra@gmail.com]]>
              </value>
            </param>
            <param index="1">
              <value>
                <![CDATA[password]]>
              </value>
            </param>
            <param index="2">
              <value>
                <![CDATA[Login]]>
              </value>
            </param>
          </params>
          <reporter-output>
          </reporter-output>
        </test-method> <!-- signInTest -->
        <test-method status="PASS" signature="signInTest(java.lang.String, java.lang.String, java.lang.String)[pri:0, instance:com.walmart.test.SigninPageTest@1753acfe]" name="signInTest" duration-ms="6025" started-at="2018-01-01T01:44:00Z" data-provider="signIn-data" finished-at="2018-01-01T01:44:06Z">
          <params>
            <param index="0">
              <value>
                <![CDATA[pratisekra@gmail.com]]>
              </value>
            </param>
            <param index="1">
              <value>
                <![CDATA[password]]>
              </value>
            </param>
            <param index="2">
              <value>
                <![CDATA[Login]]>
              </value>
            </param>
          </params>
          <reporter-output>
          </reporter-output>
        </test-method> <!-- signInTest -->
        <test-method status="PASS" signature="signInTest(java.lang.String, java.lang.String, java.lang.String)[pri:0, instance:com.walmart.test.SigninPageTest@1753acfe]" name="signInTest" duration-ms="5993" started-at="2018-01-01T01:44:06Z" data-provider="signIn-data" finished-at="2018-01-01T01:44:12Z">
          <params>
            <param index="0">
              <value>
                <![CDATA[pratisekraa@gmail.com]]>
              </value>
            </param>
            <param index="1">
              <value>
                <![CDATA[password]]>
              </value>
            </param>
            <param index="2">
              <value>
                <![CDATA[Login]]>
              </value>
            </param>
          </params>
          <reporter-output>
          </reporter-output>
        </test-method> <!-- signInTest -->
        <test-method status="PASS" signature="signInTest(java.lang.String, java.lang.String, java.lang.String)[pri:0, instance:com.walmart.test.SigninPageTest@1753acfe]" name="signInTest" duration-ms="6053" started-at="2018-01-01T01:44:12Z" data-provider="signIn-data" finished-at="2018-01-01T01:44:18Z">
          <params>
            <param index="0">
              <value>
                <![CDATA[dooms987@gmail.com]]>
              </value>
            </param>
            <param index="1">
              <value>
                <![CDATA[password]]>
              </value>
            </param>
            <param index="2">
              <value>
                <![CDATA[Walmart | Big Savings, Clearance, Rollbacks, and More…]]>
              </value>
            </param>
          </params>
          <reporter-output>
          </reporter-output>
        </test-method> <!-- signInTest -->
        <test-method status="PASS" signature="afterSuite()[pri:0, instance:com.walmart.test.SigninPageTest@1753acfe]" name="afterSuite" is-config="true" duration-ms="2174" started-at="2018-01-01T01:44:18Z" finished-at="2018-01-01T01:44:20Z">
          <reporter-output>
          </reporter-output>
        </test-method> <!-- afterSuite -->
      </class> <!-- com.walmart.test.SigninPageTest -->
    </test> <!-- Default test -->
  </suite> <!-- Default suite -->
</testng-results>
