<?xml version="1.0" encoding="UTF-8"?>
<!-- Generated by org.testng.reporters.JUnitXMLReporter -->
<testsuite hostname="DESKTOP-FRQ0CFQ" ignored="0" name="Default test" tests="4" failures="0" timestamp="01 Jan 2018 09:44:18 GMT" time="27.725" errors="0">
  <testcase name="signInTest" time="5.892" classname="com.walmart.test.SigninPageTest"/>
  <testcase name="signInTest" time="6.025" classname="com.walmart.test.SigninPageTest"/>
  <testcase name="signInTest" time="5.993" classname="com.walmart.test.SigninPageTest"/>
  <testcase name="signInTest" time="6.053" classname="com.walmart.test.SigninPageTest"/>
</testsuite> <!-- Default test -->
